<?xml version="1.0" encoding="UTF-8"?>
<testsuite xmlns:xsi="http://www.w3.org/2001/XMLSchema-instance" xsi:noNamespaceSchemaLocation="https://maven.apache.org/surefire/maven-surefire-plugin/xsd/surefire-test-report.xsd" version="3.0.2" name="com.tecsup.app.micro.configserver.ConfigServerApplicationTests" time="4.865" tests="1" errors="0" skipped="0" failures="0">
  <properties>
[...]
</properties>
  <testcase name="contextLoads" classname="com.tecsup.app.micro.configserver.ConfigServerApplicationTests" time="0.89">
    <system-out><![CDATA[20:39:31.761 [main] INFO org.springframework.test.context.support.AnnotationConfigContextLoaderUtils -- Could not detect default configuration classes for test class [com.tecsup.app.micro.configserver.ConfigServerApplicationTests]: ConfigServerApplicationTests does not declare any static, non-private, non-final, nested classes annotated with @Configuration.
20:39:31.919 [main] INFO org.springframework.boot.test.context.SpringBootTestContextBootstrapper -- Found @SpringBootConfiguration com.tecsup.app.micro.configserver.ConfigServerApplication for test class com.tecsup.app.micro.configserver.ConfigServerApplicationTests

  .   ____          _            __ _ _
 /\\ / ___'_ __ _ _(_)_ __  __ _ \ \ \ \
( ( )\___ | '_ | '_| | '_ \/ _` | \ \ \ \
 \\/  ___)| |_)| | | | | || (_| |  ) ) ) )
  '  |____| .__|_| |_|_| |_\__, | / / / /
 =========|_|==============|___/=/_/_/_/

 :: Spring Boot ::                (v3.5.6)

2025-10-17T20:39:32.849-05:00  INFO 2584 --- [config-server] [           main] c.t.a.m.c.ConfigServerApplicationTests   : Starting ConfigServerApplicationTests using Java 17.0.12 with PID 2584 (started by AleEMP in D:\BootCamp\Modulo Spring++\config-server)
2025-10-17T20:39:32.851-05:00  INFO 2584 --- [config-server] [           main] c.t.a.m.c.ConfigServerApplicationTests   : No active profile set, falling back to 1 default profile: "default"
2025-10-17T20:39:34.055-05:00  INFO 2584 --- [config-server] [           main] o.s.cloud.context.scope.GenericScope     : BeanFactory id=29f4fd54-7473-3acd-9d3a-e4aa364cbd4a
2025-10-17T20:39:35.415-05:00  INFO 2584 --- [config-server] [           main] o.s.b.a.e.web.EndpointLinksResolver      : Exposing 1 endpoint beneath base path '/actuator'
2025-10-17T20:39:35.479-05:00  INFO 2584 --- [config-server] [           main] c.t.a.m.c.ConfigServerApplicationTests   : Started ConfigServerApplicationTests in 3.166 seconds (process running for 4.486)
]]></system-out>
  </testcase>
</testsuite>